<?xml version="1.0" encoding="UTF-8"?>
<!-- Generated by org.testng.reporters.JUnitReportReporter -->
<testsuite hostname="LAPTOP-MCCOM0BI" failures="0" tests="5" name="cattleyanadora.CheckoutOverview" time="16.204" errors="0" timestamp="2025-04-10T11:06:13 PST" skipped="0">
  <testcase classname="cattleyanadora.CheckoutOverview" name="CheckoutOverviewPage" time="2.935"/>
  <testcase classname="cattleyanadora.CheckoutOverview" name="BacktoProductPage" time="3.105"/>
  <testcase classname="cattleyanadora.CheckoutOverview" name="CheckoutDetails" time="4.199"/>
  <testcase classname="cattleyanadora.CheckoutOverview" name="VerifyTotal" time="2.993"/>
  <testcase classname="cattleyanadora.CheckoutOverview" name="VerifyOverviewProductDetails" time="2.972"/>
</testsuite> <!-- cattleyanadora.CheckoutOverview -->
