<?xml version="1.0" encoding="UTF-8"?>
<!-- Generated by org.testng.reporters.JUnitReportReporter -->
<testsuite hostname="LAPTOP-MCCOM0BI" failures="0" tests="4" name="cattleyanadora.Cart" time="13.333" errors="0" timestamp="2025-04-10T11:02:24 PST" skipped="0">
  <testcase classname="cattleyanadora.Cart" name="NavBarItems" time="3.230"/>
  <testcase classname="cattleyanadora.Cart" name="ItemCount" time="2.821"/>
  <testcase classname="cattleyanadora.Cart" name="MultipleCartCounter" time="2.689"/>
  <testcase classname="cattleyanadora.Cart" name="NavBarCloseTest" time="4.593"/>
</testsuite> <!-- cattleyanadora.Cart -->
