<?xml version="1.0" encoding="UTF-8"?>
<!-- Generated by org.testng.reporters.JUnitReportReporter -->
<testsuite hostname="LAPTOP-MCCOM0BI" failures="0" tests="1" name="cattleyanadora.ErrorValidationsTest" time="10.721" errors="0" timestamp="2025-03-13T15:39:32 PST" skipped="0">
  <testcase classname="cattleyanadora.ErrorValidationsTest" name="LogInErrorValidation" time="10.721"/>
</testsuite> <!-- cattleyanadora.ErrorValidationsTest -->
