<?xml version="1.0" encoding="UTF-8"?>
<!-- Generated by org.testng.reporters.JUnitReportReporter -->
<testsuite hostname="LAPTOP-MCCOM0BI" failures="0" tests="11" name="cattleyanadora.Checkout" time="51.634" errors="0" timestamp="2025-04-03T08:29:13 PST" skipped="0">
  <testcase classname="cattleyanadora.Checkout" name="OnlyFirstName" time="4.988"/>
  <testcase classname="cattleyanadora.Checkout" name="FirstNameBlankField" time="4.155"/>
  <testcase classname="cattleyanadora.Checkout" name="checkoutPage" time="4.162"/>
  <testcase classname="cattleyanadora.Checkout" name="PostalCodeBlankField" time="5.193"/>
  <testcase classname="cattleyanadora.Checkout" name="OnlyPostalCode" time="5.429"/>
  <testcase classname="cattleyanadora.Checkout" name="CheckoutInputSuccess" time="4.241"/>
  <testcase classname="cattleyanadora.Checkout" name="checkoutPageDetails" time="3.777"/>
  <testcase classname="cattleyanadora.Checkout" name="goBacktoCart" time="3.532"/>
  <testcase classname="cattleyanadora.Checkout" name="AllBlankFields" time="4.213"/>
  <testcase classname="cattleyanadora.Checkout" name="LastNameBlankField" time="6.184"/>
  <testcase classname="cattleyanadora.Checkout" name="OnlyLastName" time="5.760"/>
</testsuite> <!-- cattleyanadora.Checkout -->
