<?xml version="1.0" encoding="UTF-8"?>
<!-- Generated by org.testng.reporters.JUnitReportReporter -->
<testsuite hostname="LAPTOP-MCCOM0BI" failures="0" tests="11" name="cattleyanadora.Checkout" time="59.389" errors="0" timestamp="2025-04-22T09:21:16 PST" skipped="0">
  <testcase classname="cattleyanadora.Checkout" name="PostalCodeBlankField" time="5.785"/>
  <testcase classname="cattleyanadora.Checkout" name="OnlyPostalCode" time="4.674"/>
  <testcase classname="cattleyanadora.Checkout" name="FirstNameBlankField" time="6.469"/>
  <testcase classname="cattleyanadora.Checkout" name="checkoutPage" time="7.148"/>
  <testcase classname="cattleyanadora.Checkout" name="goBacktoCart" time="4.801"/>
  <testcase classname="cattleyanadora.Checkout" name="CheckoutInputSuccess" time="4.833"/>
  <testcase classname="cattleyanadora.Checkout" name="LastNameBlankField" time="7.549"/>
  <testcase classname="cattleyanadora.Checkout" name="AllBlankFields" time="4.776"/>
  <testcase classname="cattleyanadora.Checkout" name="checkoutPageDetails" time="4.626"/>
  <testcase classname="cattleyanadora.Checkout" name="OnlyFirstName" time="3.651"/>
  <testcase classname="cattleyanadora.Checkout" name="OnlyLastName" time="5.077"/>
</testsuite> <!-- cattleyanadora.Checkout -->
