<?xml version="1.0" encoding="UTF-8"?>
<!-- Generated by org.testng.reporters.JUnitReportReporter -->
<testsuite hostname="LAPTOP-MCCOM0BI" failures="0" tests="9" name="cattleyanadora.CartPageVeri" time="39.735" errors="0" timestamp="2025-04-10T11:03:29 PST" skipped="0">
  <testcase classname="cattleyanadora.CartPageVeri" name="MultipleCartItemsDisplay" time="2.835"/>
  <testcase classname="cattleyanadora.CartPageVeri" name="RemoveItemUpdate" time="12.841"/>
  <testcase classname="cattleyanadora.CartPageVeri" name="CartPageAcess" time="2.668"/>
  <testcase classname="cattleyanadora.CartPageVeri" name="ContinueShopping" time="2.794"/>
  <testcase classname="cattleyanadora.CartPageVeri" name="ProductDisplay" time="3.233"/>
  <testcase classname="cattleyanadora.CartPageVeri" name="CartFeaturesDisplay" time="2.742"/>
  <testcase classname="cattleyanadora.CartPageVeri" name="CartPesistTest" time="5.514"/>
  <testcase classname="cattleyanadora.CartPageVeri" name="RemoveMultipleCartCounter" time="4.399"/>
  <testcase classname="cattleyanadora.CartPageVeri" name="AddedItemDisplay" time="2.709"/>
</testsuite> <!-- cattleyanadora.CartPageVeri -->
