<?xml version="1.0" encoding="UTF-8"?>
<!-- Generated by org.testng.reporters.JUnitReportReporter -->
<testsuite hostname="LAPTOP-MCCOM0BI" failures="0" tests="8" name="cattleyanadora.Login" time="27.243" errors="0" timestamp="2025-04-22T09:21:16 PST" skipped="0">
  <testcase classname="cattleyanadora.Login" name="BlankUsername" time="3.426"/>
  <testcase classname="cattleyanadora.Login" name="BlankFields" time="3.419"/>
  <testcase classname="cattleyanadora.Login" name="LoginSucess" time="3.311"/>
  <testcase classname="cattleyanadora.Login" name="IncorrectUsername" time="3.485"/>
  <testcase classname="cattleyanadora.Login" name="BlankPassword" time="3.477"/>
  <testcase classname="cattleyanadora.Login" name="LoginLanding" time="3.200"/>
  <testcase classname="cattleyanadora.Login" name="IncorrectPassword" time="3.303"/>
  <testcase classname="cattleyanadora.Login" name="IncorrectLogin" time="3.622"/>
</testsuite> <!-- cattleyanadora.Login -->
