<?xml version="1.0" encoding="UTF-8"?>
<!-- Generated by org.testng.reporters.JUnitReportReporter -->
<testsuite hostname="LAPTOP-MCCOM0BI" failures="0" tests="5" name="cattleyanadora.ProductDetails" time="32.022" errors="0" timestamp="2025-04-22T09:21:17 PST" skipped="0">
  <testcase classname="cattleyanadora.ProductDetails" name="ProductDetailPageRemove" time="4.430"/>
  <testcase classname="cattleyanadora.ProductDetails" name="AddToCartDetails" time="3.927"/>
  <testcase classname="cattleyanadora.ProductDetails" name="RemoveItemUpdate" time="14.275"/>
  <testcase classname="cattleyanadora.ProductDetails" name="DetailsPagedesc" time="4.344"/>
  <testcase classname="cattleyanadora.ProductDetails" name="ProductDetailPageTest" time="5.046"/>
</testsuite> <!-- cattleyanadora.ProductDetails -->
