<?xml version="1.0" encoding="UTF-8"?>
<!-- Generated by org.testng.reporters.JUnitReportReporter -->
<testsuite hostname="LAPTOP-MCCOM0BI" failures="0" tests="5" name="cattleyanadora.CheckoutOverview" time="32.889" errors="0" timestamp="2025-04-22T09:21:17 PST" skipped="0">
  <testcase classname="cattleyanadora.CheckoutOverview" name="BacktoProductPage" time="5.535"/>
  <testcase classname="cattleyanadora.CheckoutOverview" name="CheckoutOverviewPage" time="13.566"/>
  <testcase classname="cattleyanadora.CheckoutOverview" name="VerifyOverviewProductDetails" time="4.519"/>
  <testcase classname="cattleyanadora.CheckoutOverview" name="VerifyTotal" time="4.629"/>
  <testcase classname="cattleyanadora.CheckoutOverview" name="CheckoutDetails" time="4.640"/>
</testsuite> <!-- cattleyanadora.CheckoutOverview -->
