<?xml version="1.0" encoding="UTF-8"?>
<!-- Generated by org.testng.reporters.JUnitReportReporter -->
<testsuite hostname="LAPTOP-MCCOM0BI" failures="0" tests="1" name="cattleyanadora.CheckoutOverview" time="7.166" errors="0" timestamp="2025-04-02T09:34:59 PST" skipped="0">
  <testcase classname="cattleyanadora.CheckoutOverview" name="VerifyTotal" time="7.166"/>
</testsuite> <!-- cattleyanadora.CheckoutOverview -->
