<?xml version="1.0" encoding="UTF-8"?>
<!-- Generated by org.testng.reporters.JUnitReportReporter -->
<testsuite hostname="LAPTOP-MCCOM0BI" failures="0" tests="1" name="cattleyanadora.ErrorValidations" time="4.896" errors="0" timestamp="2025-03-13T11:38:25 PST" skipped="0">
  <testcase classname="cattleyanadora.ErrorValidations" name="submitOrder" time="4.896"/>
</testsuite> <!-- cattleyanadora.ErrorValidations -->
