<?xml version="1.0" encoding="UTF-8"?>
<!-- Generated by org.testng.reporters.JUnitReportReporter -->
<testsuite hostname="LAPTOP-MCCOM0BI" failures="0" tests="11" name="cattleyanadora.Checkout" time="33.256" errors="0" timestamp="2025-04-10T11:04:14 PST" skipped="0">
  <testcase classname="cattleyanadora.Checkout" name="CheckoutInputSuccess" time="2.911"/>
  <testcase classname="cattleyanadora.Checkout" name="LastNameBlankField" time="2.912"/>
  <testcase classname="cattleyanadora.Checkout" name="AllBlankFields" time="3.592"/>
  <testcase classname="cattleyanadora.Checkout" name="PostalCodeBlankField" time="2.821"/>
  <testcase classname="cattleyanadora.Checkout" name="checkoutPage" time="2.625"/>
  <testcase classname="cattleyanadora.Checkout" name="checkoutPageDetails" time="2.756"/>
  <testcase classname="cattleyanadora.Checkout" name="FirstNameBlankField" time="3.675"/>
  <testcase classname="cattleyanadora.Checkout" name="OnlyLastName" time="2.974"/>
  <testcase classname="cattleyanadora.Checkout" name="goBacktoCart" time="2.636"/>
  <testcase classname="cattleyanadora.Checkout" name="OnlyFirstName" time="3.350"/>
  <testcase classname="cattleyanadora.Checkout" name="OnlyPostalCode" time="3.004"/>
</testsuite> <!-- cattleyanadora.Checkout -->
