<?xml version="1.0" encoding="UTF-8"?>
<!-- Generated by org.testng.reporters.JUnitReportReporter -->
<testsuite hostname="LAPTOP-MCCOM0BI" failures="0" tests="4" name="cattleyanadora.Cart" time="19.286" errors="0" timestamp="2025-04-03T07:40:40 PST" skipped="0">
  <testcase classname="cattleyanadora.Cart" name="NavBarItems" time="4.085"/>
  <testcase classname="cattleyanadora.Cart" name="MultipleCartCounter" time="4.007"/>
  <testcase classname="cattleyanadora.Cart" name="NavBarCloseTest" time="7.763"/>
  <testcase classname="cattleyanadora.Cart" name="ItemCount" time="3.431"/>
</testsuite> <!-- cattleyanadora.Cart -->
