<?xml version="1.0" encoding="UTF-8"?>
<!-- Generated by org.testng.reporters.JUnitReportReporter -->
<testsuite hostname="LAPTOP-MCCOM0BI" failures="0" tests="3" name="cattleyanadora.OrderComplete" time="12.615" errors="0" timestamp="2025-04-03T11:02:47 PST" skipped="0">
  <testcase classname="cattleyanadora.OrderComplete" name="FinishOrder" time="3.828"/>
  <testcase classname="cattleyanadora.OrderComplete" name="GobackToProductPage" time="3.673"/>
  <testcase classname="cattleyanadora.OrderComplete" name="GetConfirmationMessage" time="5.114"/>
</testsuite> <!-- cattleyanadora.OrderComplete -->
