<?xml version="1.0" encoding="UTF-8"?>
<!-- Generated by org.testng.reporters.JUnitReportReporter -->
<testsuite hostname="LAPTOP-MCCOM0BI" failures="0" tests="8" name="cattleyanadora.Product" time="25.739" errors="0" timestamp="2025-04-10T10:06:59 PST" skipped="0">
  <testcase classname="cattleyanadora.Product" name="Descending" time="2.889"/>
  <testcase classname="cattleyanadora.Product" name="CartButtonTest" time="2.737"/>
  <testcase classname="cattleyanadora.Product" name="ProductList" time="2.713"/>
  <testcase classname="cattleyanadora.Product" name="ProductPageDisplayed" time="2.516"/>
  <testcase classname="cattleyanadora.Product" name="Ascending" time="2.745"/>
  <testcase classname="cattleyanadora.Product" name="LowToHigh" time="2.772"/>
  <testcase classname="cattleyanadora.Product" name="RequiredDetails" time="6.609"/>
  <testcase classname="cattleyanadora.Product" name="HighToLow" time="2.758"/>
</testsuite> <!-- cattleyanadora.Product -->
