<?xml version="1.0" encoding="UTF-8"?>
<!-- Generated by org.testng.reporters.JUnitReportReporter -->
<testsuite hostname="LAPTOP-MCCOM0BI" failures="0" tests="3" name="cattleyanadora.OrderComplete" time="14.401" errors="0" timestamp="2025-04-22T09:21:17 PST" skipped="0">
  <testcase classname="cattleyanadora.OrderComplete" name="GobackToProductPage" time="4.878"/>
  <testcase classname="cattleyanadora.OrderComplete" name="GetConfirmationMessage" time="4.796"/>
  <testcase classname="cattleyanadora.OrderComplete" name="FinishOrder" time="4.727"/>
</testsuite> <!-- cattleyanadora.OrderComplete -->
