<?xml version="1.0" encoding="UTF-8"?>
<!-- Generated by org.testng.reporters.JUnitReportReporter -->
<testsuite hostname="LAPTOP-MCCOM0BI" failures="0" tests="1" name="cattleyanadora.ProductDetails" time="6.533" errors="0" timestamp="2025-04-03T16:24:29 PST" skipped="0">
  <testcase classname="cattleyanadora.ProductDetails" name="AddToCartDetails" time="6.533"/>
</testsuite> <!-- cattleyanadora.ProductDetails -->
