<?xml version="1.0" encoding="UTF-8"?>
<!-- Generated by org.testng.reporters.JUnitReportReporter -->
<testsuite hostname="LAPTOP-MCCOM0BI" failures="0" tests="3" name="cattleyanadora.OrderComplete" time="9.727" errors="0" timestamp="2025-04-10T11:06:42 PST" skipped="0">
  <testcase classname="cattleyanadora.OrderComplete" name="GetConfirmationMessage" time="3.040"/>
  <testcase classname="cattleyanadora.OrderComplete" name="GobackToProductPage" time="3.084"/>
  <testcase classname="cattleyanadora.OrderComplete" name="FinishOrder" time="3.603"/>
</testsuite> <!-- cattleyanadora.OrderComplete -->
