<?xml version="1.0" encoding="UTF-8"?>
<!-- Generated by org.testng.reporters.JUnitReportReporter -->
<testsuite hostname="LAPTOP-MCCOM0BI" failures="0" tests="1" name="cattleyanadora.Login" time="10.037" errors="0" timestamp="2025-04-03T10:12:26 PST" skipped="0">
  <testcase classname="cattleyanadora.Login" name="BlankPassword" time="10.037"/>
</testsuite> <!-- cattleyanadora.Login -->
