<?xml version="1.0" encoding="UTF-8"?>
<!-- Generated by org.testng.reporters.JUnitReportReporter -->
<testsuite hostname="LAPTOP-MCCOM0BI" failures="0" tests="1" name="cucumber.TestNGTestRunner" time="31.331" errors="0" timestamp="2025-03-18T15:51:39 PST" skipped="0">
  <testcase classname="cucumber.TestNGTestRunner" name="runScenario" time="31.331"/>
</testsuite> <!-- cucumber.TestNGTestRunner -->
