<?xml version="1.0" encoding="UTF-8"?>
<!-- Generated by org.testng.reporters.JUnitReportReporter -->
<testsuite hostname="LAPTOP-MCCOM0BI" failures="0" tests="9" name="cattleyanadora.CartPageVeri" time="51.119" errors="0" timestamp="2025-04-22T09:21:17 PST" skipped="0">
  <testcase classname="cattleyanadora.CartPageVeri" name="RemoveMultipleCartCounter" time="4.477"/>
  <testcase classname="cattleyanadora.CartPageVeri" name="CartPesistTest" time="7.454"/>
  <testcase classname="cattleyanadora.CartPageVeri" name="ProductDisplay" time="3.976"/>
  <testcase classname="cattleyanadora.CartPageVeri" name="MultipleCartItemsDisplay" time="4.311"/>
  <testcase classname="cattleyanadora.CartPageVeri" name="CartFeaturesDisplay" time="4.169"/>
  <testcase classname="cattleyanadora.CartPageVeri" name="CartPageAcess" time="4.046"/>
  <testcase classname="cattleyanadora.CartPageVeri" name="RemoveItemUpdate" time="14.367"/>
  <testcase classname="cattleyanadora.CartPageVeri" name="AddedItemDisplay" time="4.163"/>
  <testcase classname="cattleyanadora.CartPageVeri" name="ContinueShopping" time="4.156"/>
</testsuite> <!-- cattleyanadora.CartPageVeri -->
