<?xml version="1.0" encoding="UTF-8"?>
<!-- Generated by org.testng.reporters.JUnitReportReporter -->
<testsuite hostname="LAPTOP-MCCOM0BI" failures="0" tests="9" name="cattleyanadora.CartPageVeri" time="48.701" errors="0" timestamp="2025-04-02T12:17:35 PST" skipped="0">
  <testcase classname="cattleyanadora.CartPageVeri" name="MultipleCartItemsDisplay" time="3.861"/>
  <testcase classname="cattleyanadora.CartPageVeri" name="CartPageAcess" time="3.997"/>
  <testcase classname="cattleyanadora.CartPageVeri" name="AddedItemDisplay" time="3.965"/>
  <testcase classname="cattleyanadora.CartPageVeri" name="CartFeaturesDisplay" time="2.376"/>
  <testcase classname="cattleyanadora.CartPageVeri" name="ContinueShopping" time="5.388"/>
  <testcase classname="cattleyanadora.CartPageVeri" name="CartPesistTest" time="6.486"/>
  <testcase classname="cattleyanadora.CartPageVeri" name="RemoveMultipleCartCounter" time="4.556"/>
  <testcase classname="cattleyanadora.CartPageVeri" name="RemoveItemUpdate" time="14.159"/>
  <testcase classname="cattleyanadora.CartPageVeri" name="ProductDisplay" time="3.913"/>
</testsuite> <!-- cattleyanadora.CartPageVeri -->
