<?xml version="1.0" encoding="UTF-8"?>
<!-- Generated by org.testng.reporters.JUnitReportReporter -->
<testsuite hostname="LAPTOP-MCCOM0BI" failures="0" tests="8" name="cattleyanadora.Product" time="32.428" errors="0" timestamp="2025-04-03T09:56:58 PST" skipped="0">
  <testcase classname="cattleyanadora.Product" name="RequiredDetails" time="6.676"/>
  <testcase classname="cattleyanadora.Product" name="ProductList" time="3.389"/>
  <testcase classname="cattleyanadora.Product" name="CartButtonTest" time="3.348"/>
  <testcase classname="cattleyanadora.Product" name="Descending" time="3.401"/>
  <testcase classname="cattleyanadora.Product" name="Ascending" time="5.755"/>
  <testcase classname="cattleyanadora.Product" name="LowToHigh" time="3.439"/>
  <testcase classname="cattleyanadora.Product" name="ProductPageDisplayed" time="3.074"/>
  <testcase classname="cattleyanadora.Product" name="HighToLow" time="3.346"/>
</testsuite> <!-- cattleyanadora.Product -->
