<?xml version="1.0" encoding="UTF-8"?>
<!-- Generated by org.testng.reporters.JUnitReportReporter -->
<testsuite hostname="LAPTOP-MCCOM0BI" failures="0" tests="4" name="cattleyanadora.Cart" time="18.147" errors="0" timestamp="2025-04-22T09:21:16 PST" skipped="0">
  <testcase classname="cattleyanadora.Cart" name="NavBarCloseTest" time="5.516"/>
  <testcase classname="cattleyanadora.Cart" name="ItemCount" time="3.911"/>
  <testcase classname="cattleyanadora.Cart" name="NavBarItems" time="4.662"/>
  <testcase classname="cattleyanadora.Cart" name="MultipleCartCounter" time="4.058"/>
</testsuite> <!-- cattleyanadora.Cart -->
