<?xml version="1.0" encoding="UTF-8"?>
<!-- Generated by org.testng.reporters.JUnitReportReporter -->
<testsuite hostname="LAPTOP-MCCOM0BI" failures="0" tests="5" name="cattleyanadora.ProductDetails" time="25.438" errors="0" timestamp="2025-04-10T11:01:56 PST" skipped="0">
  <testcase classname="cattleyanadora.ProductDetails" name="ProductDetailPageTest" time="2.753"/>
  <testcase classname="cattleyanadora.ProductDetails" name="RemoveItemUpdate" time="12.877"/>
  <testcase classname="cattleyanadora.ProductDetails" name="AddToCartDetails" time="3.554"/>
  <testcase classname="cattleyanadora.ProductDetails" name="DetailsPagedesc" time="2.745"/>
  <testcase classname="cattleyanadora.ProductDetails" name="ProductDetailPageRemove" time="3.509"/>
</testsuite> <!-- cattleyanadora.ProductDetails -->
