<?xml version="1.0" encoding="UTF-8"?>
<!-- Generated by org.testng.reporters.JUnitReportReporter -->
<testsuite hostname="LAPTOP-MCCOM0BI" failures="0" tests="8" name="cattleyanadora.Login" time="22.793" errors="0" timestamp="2025-04-10T10:05:05 PST" skipped="0">
  <testcase classname="cattleyanadora.Login" name="BlankPassword" time="2.533"/>
  <testcase classname="cattleyanadora.Login" name="BlankUsername" time="2.569"/>
  <testcase classname="cattleyanadora.Login" name="IncorrectPassword" time="3.285"/>
  <testcase classname="cattleyanadora.Login" name="IncorrectUsername" time="2.592"/>
  <testcase classname="cattleyanadora.Login" name="LoginSucess" time="2.741"/>
  <testcase classname="cattleyanadora.Login" name="BlankFields" time="2.629"/>
  <testcase classname="cattleyanadora.Login" name="LoginLanding" time="2.393"/>
  <testcase classname="cattleyanadora.Login" name="IncorrectLogin" time="4.051"/>
</testsuite> <!-- cattleyanadora.Login -->
