<?xml version="1.0" encoding="UTF-8"?>
<!-- Generated by org.testng.reporters.JUnitReportReporter -->
<testsuite hostname="LAPTOP-MCCOM0BI" failures="0" tests="8" name="cattleyanadora.Product" time="37.571" errors="0" timestamp="2025-04-22T09:21:17 PST" skipped="0">
  <testcase classname="cattleyanadora.Product" name="HighToLow" time="4.343"/>
  <testcase classname="cattleyanadora.Product" name="Ascending" time="4.714"/>
  <testcase classname="cattleyanadora.Product" name="RequiredDetails" time="7.859"/>
  <testcase classname="cattleyanadora.Product" name="ProductPageDisplayed" time="3.894"/>
  <testcase classname="cattleyanadora.Product" name="ProductList" time="3.880"/>
  <testcase classname="cattleyanadora.Product" name="LowToHigh" time="4.648"/>
  <testcase classname="cattleyanadora.Product" name="CartButtonTest" time="3.859"/>
  <testcase classname="cattleyanadora.Product" name="Descending" time="4.374"/>
</testsuite> <!-- cattleyanadora.Product -->
