<?xml version="1.0" encoding="UTF-8"?>
<!-- Generated by org.testng.reporters.JUnitReportReporter -->
<testsuite hostname="LAPTOP-MCCOM0BI" failures="0" tests="2" name="cattleyanadora.SubmitOrderTest" time="47.648" errors="0" timestamp="2025-03-20T15:14:34 PST" skipped="0">
  <testcase classname="cattleyanadora.SubmitOrderTest" name="submitOrder" time="30.601"/>
  <testcase classname="cattleyanadora.SubmitOrderTest" name="submitOrder" time="17.047"/>
</testsuite> <!-- cattleyanadora.SubmitOrderTest -->
