<?xml version="1.0" encoding="UTF-8"?>
<!-- Generated by org.testng.reporters.JUnitReportReporter -->
<testsuite hostname="LAPTOP-MCCOM0BI" failures="0" tests="3" name="cattleyanadora.SubmitOrderTest" time="36.943" errors="0" timestamp="2025-03-20T14:58:49 GMT+08:00" skipped="0">
  <testcase classname="cattleyanadora.SubmitOrderTest" name="submitOrder" time="14.598"/>
  <testcase classname="cattleyanadora.SubmitOrderTest" name="submitOrder" time="15.941"/>
  <testcase classname="cattleyanadora.SubmitOrderTest" name="OrderHistoryTest" time="6.404"/>
</testsuite> <!-- cattleyanadora.SubmitOrderTest -->
