<?xml version="1.0" encoding="UTF-8"?>
<!-- Generated by org.testng.reporters.JUnitReportReporter -->
<testsuite hostname="LAPTOP-MCCOM0BI" failures="0" tests="2" name="cattleyanadora.ErrorValidationsTest" time="18.558" errors="0" timestamp="2025-03-20T14:58:49 GMT+08:00" skipped="0">
  <testcase classname="cattleyanadora.ErrorValidationsTest" name="ProductErrorValidaton" time="12.117"/>
  <testcase classname="cattleyanadora.ErrorValidationsTest" name="LogInErrorValidation" time="6.441"/>
</testsuite> <!-- cattleyanadora.ErrorValidationsTest -->
